c:\users\admin\source\repos\qtandleisai\qtandleisai\debug\vc141.pdb
c:\users\admin\source\repos\qtandleisai\qtandleisai\debug\qrc_qtandleisai.obj
c:\users\admin\source\repos\qtandleisai\qtandleisai\debug\main.obj
c:\users\admin\source\repos\qtandleisai\qtandleisai\debug\qtandleisai.obj
c:\users\admin\source\repos\qtandleisai\qtandleisai\debug\moc_qtandleisai.obj
c:\users\admin\source\repos\qtandleisai\debug\qtandleisai.ilk
c:\users\admin\source\repos\qtandleisai\debug\qtandleisai.exe
c:\users\admin\source\repos\qtandleisai\debug\qtandleisai.pdb
c:\users\admin\source\repos\qtandleisai\qtandleisai\debug\moc\moc_qtandleisai.cpp
c:\users\admin\source\repos\qtandleisai\qtandleisai\debug\uic\ui_qtandleisai.h
c:\users\admin\source\repos\qtandleisai\qtandleisai\debug\rcc\qrc_qtandleisai.cpp
c:\users\admin\source\repos\qtandleisai\qtandleisai\debug\qtandleisai.tlog\cl.command.1.tlog
c:\users\admin\source\repos\qtandleisai\qtandleisai\debug\qtandleisai.tlog\cl.read.1.tlog
c:\users\admin\source\repos\qtandleisai\qtandleisai\debug\qtandleisai.tlog\cl.write.1.tlog
c:\users\admin\source\repos\qtandleisai\qtandleisai\debug\qtandleisai.tlog\link.command.1.tlog
c:\users\admin\source\repos\qtandleisai\qtandleisai\debug\qtandleisai.tlog\link.read.1.tlog
c:\users\admin\source\repos\qtandleisai\qtandleisai\debug\qtandleisai.tlog\link.write.1.tlog
c:\users\admin\source\repos\qtandleisai\qtandleisai\debug\qtandleisai.tlog\moc.read.1u.tlog
c:\users\admin\source\repos\qtandleisai\qtandleisai\debug\qtandleisai.tlog\moc.write.1u.tlog
c:\users\admin\source\repos\qtandleisai\qtandleisai\debug\qtandleisai.tlog\qtandleisai.write.1u.tlog
c:\users\admin\source\repos\qtandleisai\qtandleisai\debug\qtandleisai.tlog\rcc.read.1u.tlog
c:\users\admin\source\repos\qtandleisai\qtandleisai\debug\qtandleisai.tlog\rcc.write.1u.tlog
c:\users\admin\source\repos\qtandleisai\qtandleisai\debug\qtandleisai.tlog\uic.read.1u.tlog
c:\users\admin\source\repos\qtandleisai\qtandleisai\debug\qtandleisai.tlog\uic.write.1u.tlog
