c:\users\admin\source\repos\qtandleisai\qtandleisai\release\qrc_qtandleisai.obj
c:\users\admin\source\repos\qtandleisai\qtandleisai\release\qtandleisai.obj
c:\users\admin\source\repos\qtandleisai\qtandleisai\release\main.obj
c:\users\admin\source\repos\qtandleisai\qtandleisai\release\moc_qtandleisai.obj
c:\users\admin\source\repos\qtandleisai\release\qtandleisai.exe
c:\users\admin\source\repos\qtandleisai\qtandleisai\release\moc\moc_qtandleisai.cpp
c:\users\admin\source\repos\qtandleisai\qtandleisai\release\uic\ui_qtandleisai.h
c:\users\admin\source\repos\qtandleisai\qtandleisai\release\rcc\qrc_qtandleisai.cpp
c:\users\admin\source\repos\qtandleisai\qtandleisai\release\qtandleisai.tlog\cl.command.1.tlog
c:\users\admin\source\repos\qtandleisai\qtandleisai\release\qtandleisai.tlog\cl.read.1.tlog
c:\users\admin\source\repos\qtandleisai\qtandleisai\release\qtandleisai.tlog\cl.write.1.tlog
c:\users\admin\source\repos\qtandleisai\qtandleisai\release\qtandleisai.tlog\link.command.1.tlog
c:\users\admin\source\repos\qtandleisai\qtandleisai\release\qtandleisai.tlog\link.read.1.tlog
c:\users\admin\source\repos\qtandleisai\qtandleisai\release\qtandleisai.tlog\link.write.1.tlog
c:\users\admin\source\repos\qtandleisai\qtandleisai\release\qtandleisai.tlog\moc.read.1u.tlog
c:\users\admin\source\repos\qtandleisai\qtandleisai\release\qtandleisai.tlog\moc.write.1u.tlog
c:\users\admin\source\repos\qtandleisai\qtandleisai\release\qtandleisai.tlog\qtandleisai.write.1u.tlog
c:\users\admin\source\repos\qtandleisai\qtandleisai\release\qtandleisai.tlog\rcc.read.1u.tlog
c:\users\admin\source\repos\qtandleisai\qtandleisai\release\qtandleisai.tlog\rcc.write.1u.tlog
c:\users\admin\source\repos\qtandleisai\qtandleisai\release\qtandleisai.tlog\uic.read.1u.tlog
c:\users\admin\source\repos\qtandleisai\qtandleisai\release\qtandleisai.tlog\uic.write.1u.tlog
